<?xml version="1.0" encoding="UTF-8"?>
<!-- Generated by org.testng.reporters.JUnitReportReporter -->
<testsuite hostname="LKSRIWL-GNF19H2" name="com.N26.BestBuy.Products.Products" tests="1" failures="0" timestamp="14 Nov 2018 06:16:25 GMT" time="4.648" errors="0">
  <testcase name="verifyProductLoadingSkippingAccordingToGivenNumber" time="4.648" classname="com.N26.BestBuy.Products.Products"/>
</testsuite> <!-- com.N26.BestBuy.Products.Products -->
