<?xml version="1.0" encoding="UTF-8"?>
<!-- Generated by org.testng.reporters.JUnitReportReporter -->
<testsuite hostname="LKSRIWL-GNF19H2" name="com.N26.BestBuy.Products.Products" tests="14" failures="0" timestamp="13 Nov 2018 18:57:51 GMT" time="3.573" errors="0">
  <testcase name="verifyTheValidationWhenDeleteAlreadyDeletedproduct" time="0.112" classname="com.N26.BestBuy.Products.Products"/>
  <testcase name="verifyValidationWhenTryToDeleteNotExistingProductId" time="0.047" classname="com.N26.BestBuy.Products.Products"/>
  <testcase name="verifyProductCannotCreateWithNameAsnull" time="0.457" classname="com.N26.BestBuy.Products.Products"/>
  <testcase name="verifyThatServiceAllowsToDeleteAProduct" time="0.107" classname="com.N26.BestBuy.Products.Products"/>
  <testcase name="checkValidationForInvalidProductIDWhenEdit" time="1.469" classname="com.N26.BestBuy.Products.Products"/>
  <testcase name="verifyProductDetailsAfterEdit" time="0.164" classname="com.N26.BestBuy.Products.Products"/>
  <testcase name="verifyServiceNotAllowsToCreateWithoutName" time="0.035" classname="com.N26.BestBuy.Products.Products"/>
  <testcase name="verifyServiceNotAllowsToCreateWithoutType" time="0.045" classname="com.N26.BestBuy.Products.Products"/>
  <testcase name="verifyServiceAllowsToGetProducts" time="0.755" classname="com.N26.BestBuy.Products.Products"/>
  <testcase name="verifyServiceNotAllowsToCreateProductWithoutValues" time="0.038" classname="com.N26.BestBuy.Products.Products"/>
  <testcase name="verifyServiceAllowsToCreateProductWithSameDataSet" time="0.106" classname="com.N26.BestBuy.Products.Products"/>
  <testcase name="verifyStatusCodeAfterCreateProduct" time="0.034" classname="com.N26.BestBuy.Products.Products"/>
  <testcase name="verifyProductDetailsDisplayCorrectly" time="0.172" classname="com.N26.BestBuy.Products.Products"/>
  <testcase name="verifyThatServiceValidateTheWrongProductID" time="0.032" classname="com.N26.BestBuy.Products.Products"/>
</testsuite> <!-- com.N26.BestBuy.Products.Products -->
