<?xml version="1.0" encoding="UTF-8"?>
<!-- Generated by org.testng.reporters.JUnitReportReporter -->
<testsuite hostname="LKSRIWL-GNF19H2" name="com.N26.BestBuy.API.Products" tests="1" failures="0" timestamp="12 Nov 2018 07:54:05 GMT" time="2.689" errors="0">
  <testcase name="create" time="2.689" classname="com.N26.BestBuy.API.Products"/>
</testsuite> <!-- com.N26.BestBuy.API.Products -->
